2009-03-16 10:25:13,698 INFO  crawl.Injector - Injector: starting
2009-03-16 10:25:13,717 INFO  crawl.Injector - Injector: crawlDb: c:/newcrawdb
2009-03-16 10:25:13,718 INFO  crawl.Injector - Injector: urlDir: c:/urls
2009-03-16 10:25:14,377 INFO  crawl.Injector - Injector: Converting injected urls to crawl db entries.
2009-03-16 10:25:15,129 INFO  plugin.PluginRepository - Plugins: looking in: F:\LUAN VAN_LUCENE\nutch-0.9\.\src\plugin
2009-03-16 10:25:15,925 INFO  plugin.PluginRepository - Plugin Auto-activation mode: [true]
2009-03-16 10:25:15,925 INFO  plugin.PluginRepository - Registered Plugins:
2009-03-16 10:25:15,925 INFO  plugin.PluginRepository - 	the nutch core extension points (nutch-extensionpoints)
2009-03-16 10:25:15,925 INFO  plugin.PluginRepository - 	Basic Query Filter (query-basic)
2009-03-16 10:25:15,925 INFO  plugin.PluginRepository - 	Basic URL Normalizer (urlnormalizer-basic)
2009-03-16 10:25:15,925 INFO  plugin.PluginRepository - 	Html Parse Plug-in (parse-html)
2009-03-16 10:25:15,925 INFO  plugin.PluginRepository - 	Basic Indexing Filter (index-basic)
2009-03-16 10:25:15,925 INFO  plugin.PluginRepository - 	Site Query Filter (query-site)
2009-03-16 10:25:15,925 INFO  plugin.PluginRepository - 	Basic Summarizer Plug-in (summary-basic)
2009-03-16 10:25:15,925 INFO  plugin.PluginRepository - 	HTTP Framework (lib-http)
2009-03-16 10:25:15,925 INFO  plugin.PluginRepository - 	Text Parse Plug-in (parse-text)
2009-03-16 10:25:15,925 INFO  plugin.PluginRepository - 	Regex URL Filter (urlfilter-regex)
2009-03-16 10:25:15,925 INFO  plugin.PluginRepository - 	Pass-through URL Normalizer (urlnormalizer-pass)
2009-03-16 10:25:15,926 INFO  plugin.PluginRepository - 	Http Protocol Plug-in (protocol-http)
2009-03-16 10:25:15,926 INFO  plugin.PluginRepository - 	Regex URL Normalizer (urlnormalizer-regex)
2009-03-16 10:25:15,926 INFO  plugin.PluginRepository - 	OPIC Scoring Plug-in (scoring-opic)
2009-03-16 10:25:15,926 INFO  plugin.PluginRepository - 	CyberNeko HTML Parser (lib-nekohtml)
2009-03-16 10:25:15,926 INFO  plugin.PluginRepository - 	JavaScript Parser (parse-js)
2009-03-16 10:25:15,926 INFO  plugin.PluginRepository - 	URL Query Filter (query-url)
2009-03-16 10:25:15,926 INFO  plugin.PluginRepository - 	Regex URL Filter Framework (lib-regex-filter)
2009-03-16 10:25:15,926 INFO  plugin.PluginRepository - Registered Extension-Points:
2009-03-16 10:25:15,926 INFO  plugin.PluginRepository - 	Nutch Summarizer (org.apache.nutch.searcher.Summarizer)
2009-03-16 10:25:15,926 INFO  plugin.PluginRepository - 	Nutch URL Normalizer (org.apache.nutch.net.URLNormalizer)
2009-03-16 10:25:15,926 INFO  plugin.PluginRepository - 	Nutch Protocol (org.apache.nutch.protocol.Protocol)
2009-03-16 10:25:15,926 INFO  plugin.PluginRepository - 	Nutch Analysis (org.apache.nutch.analysis.NutchAnalyzer)
2009-03-16 10:25:15,926 INFO  plugin.PluginRepository - 	Nutch URL Filter (org.apache.nutch.net.URLFilter)
2009-03-16 10:25:15,926 INFO  plugin.PluginRepository - 	Nutch Indexing Filter (org.apache.nutch.indexer.IndexingFilter)
2009-03-16 10:25:15,926 INFO  plugin.PluginRepository - 	Nutch Online Search Results Clustering Plugin (org.apache.nutch.clustering.OnlineClusterer)
2009-03-16 10:25:15,926 INFO  plugin.PluginRepository - 	HTML Parse Filter (org.apache.nutch.parse.HtmlParseFilter)
2009-03-16 10:25:15,926 INFO  plugin.PluginRepository - 	Nutch Content Parser (org.apache.nutch.parse.Parser)
2009-03-16 10:25:15,926 INFO  plugin.PluginRepository - 	Nutch Scoring (org.apache.nutch.scoring.ScoringFilter)
2009-03-16 10:25:15,926 INFO  plugin.PluginRepository - 	Nutch Query Filter (org.apache.nutch.searcher.QueryFilter)
2009-03-16 10:25:15,926 INFO  plugin.PluginRepository - 	Ontology Model Loader (org.apache.nutch.ontology.Ontology)
2009-03-16 10:25:16,167 WARN  regex.RegexURLNormalizer - can't find rules for scope 'inject', using default
2009-03-16 10:25:17,001 INFO  crawl.Injector - Injector: Merging injected urls into crawl db.
2009-03-16 10:25:17,458 WARN  util.NativeCodeLoader - Unable to load native-hadoop library for your platform... using builtin-java classes where applicable
2009-03-16 10:25:18,319 INFO  crawl.Injector - Injector: done
